C:\USERS\OWNER\DOCUMENTS\VISUAL STUDIO 2010\PROJECTS\C++\STRING FUNCTIONS\RELEASE\STRING FUNCTIONS.DLL
C:\Users\Owner\Documents\Visual Studio 2010\Projects\C++\String Functions\Release\String Functions.exp
C:\Users\Owner\Documents\Visual Studio 2010\Projects\C++\String Functions\Release\String Functions.lib
C:\USERS\OWNER\DOCUMENTS\VISUAL STUDIO 2010\PROJECTS\C++\STRING FUNCTIONS\RELEASE\STRING FUNCTIONS.PDB
C:\Users\Owner\Documents\Visual Studio 2010\Projects\C++\String Functions\String Functions\Release\cl.command.1.tlog
C:\Users\Owner\Documents\Visual Studio 2010\Projects\C++\String Functions\String Functions\Release\CL.read.1.tlog
C:\Users\Owner\Documents\Visual Studio 2010\Projects\C++\String Functions\String Functions\Release\CL.write.1.tlog
C:\USERS\OWNER\DOCUMENTS\VISUAL STUDIO 2010\PROJECTS\C++\STRING FUNCTIONS\STRING FUNCTIONS\RELEASE\DLLMAIN.OBJ
C:\USERS\OWNER\DOCUMENTS\VISUAL STUDIO 2010\PROJECTS\C++\STRING FUNCTIONS\STRING FUNCTIONS\RELEASE\ERROR HANDLER.OBJ
C:\Users\Owner\Documents\Visual Studio 2010\Projects\C++\String Functions\String Functions\Release\link.command.1.tlog
C:\Users\Owner\Documents\Visual Studio 2010\Projects\C++\String Functions\String Functions\Release\link.read.1.tlog
C:\Users\Owner\Documents\Visual Studio 2010\Projects\C++\String Functions\String Functions\Release\link.write.1.tlog
C:\Users\Owner\Documents\Visual Studio 2010\Projects\C++\String Functions\String Functions\Release\link-cvtres.read.1.tlog
C:\Users\Owner\Documents\Visual Studio 2010\Projects\C++\String Functions\String Functions\Release\link-cvtres.write.1.tlog
C:\Users\Owner\Documents\Visual Studio 2010\Projects\C++\String Functions\String Functions\Release\mt.command.1.tlog
C:\Users\Owner\Documents\Visual Studio 2010\Projects\C++\String Functions\String Functions\Release\mt.read.1.tlog
C:\Users\Owner\Documents\Visual Studio 2010\Projects\C++\String Functions\String Functions\Release\mt.write.1.tlog
C:\Users\Owner\Documents\Visual Studio 2010\Projects\C++\String Functions\String Functions\Release\rc.command.1.tlog
C:\Users\Owner\Documents\Visual Studio 2010\Projects\C++\String Functions\String Functions\Release\rc.read.1.tlog
C:\Users\Owner\Documents\Visual Studio 2010\Projects\C++\String Functions\String Functions\Release\rc.write.1.tlog
C:\USERS\OWNER\DOCUMENTS\VISUAL STUDIO 2010\PROJECTS\C++\STRING FUNCTIONS\STRING FUNCTIONS\RELEASE\STANDARD.OBJ
C:\USERS\OWNER\DOCUMENTS\VISUAL STUDIO 2010\PROJECTS\C++\STRING FUNCTIONS\STRING FUNCTIONS\RELEASE\STDAFX.OBJ
C:\USERS\OWNER\DOCUMENTS\VISUAL STUDIO 2010\PROJECTS\C++\STRING FUNCTIONS\STRING FUNCTIONS\RELEASE\STRING FUNCTIONS.DLL.INTERMEDIATE.MANIFEST
C:\USERS\OWNER\DOCUMENTS\VISUAL STUDIO 2010\PROJECTS\C++\STRING FUNCTIONS\STRING FUNCTIONS\RELEASE\STRING FUNCTIONS.OBJ
C:\USERS\OWNER\DOCUMENTS\VISUAL STUDIO 2010\PROJECTS\C++\STRING FUNCTIONS\STRING FUNCTIONS\RELEASE\STRING FUNCTIONS.PCH
C:\Users\Owner\Documents\Visual Studio 2010\Projects\C++\String Functions\String Functions\Release\String Functions.write.1.tlog
C:\USERS\OWNER\DOCUMENTS\VISUAL STUDIO 2010\PROJECTS\C++\STRING FUNCTIONS\STRING FUNCTIONS\RELEASE\STRING TABLE.RES
C:\USERS\OWNER\DOCUMENTS\VISUAL STUDIO 2010\PROJECTS\C++\STRING FUNCTIONS\STRING FUNCTIONS\RELEASE\VC100.PDB
